# JRE version: OpenJDK Runtime Environment (11.0.9.1+1) (build 11.0.9.1+1-Ubuntu-0ubuntu1.18.04)
# Java VM: OpenJDK 64-Bit Server VM (11.0.9.1+1-Ubuntu-0ubuntu1.18.04, mixed mode, sharing, tiered, compressed oops, serial gc, linux-amd64)
Heap:
 def new generation   total 9920K, used 1969K [0x00000000e0000000, 0x00000000e0ac0000, 0x00000000eaaa0000)
  eden space 8832K,   9% used [0x00000000e0000000, 0x00000000e00dc5b8, 0x00000000e08a0000)
  from space 1088K,  99% used [0x00000000e09b0000, 0x00000000e0abfff8, 0x00000000e0ac0000)
  to   space 1088K,   0% used [0x00000000e08a0000, 0x00000000e08a0000, 0x00000000e09b0000)
 tenured generation   total 21924K, used 17274K [0x00000000eaaa0000, 0x00000000ec009000, 0x0000000100000000)
   the space 21924K,  78% used [0x00000000eaaa0000, 0x00000000ebb7e9c8, 0x00000000ebb7ea00, 0x00000000ec009000)
 Metaspace       used 4800K, capacity 6815K, committed 7040K, reserved 1056768K
  class space    used 386K, capacity 634K, committed 640K, reserved 1048576K
GC Heap History (20 events):
Event: 211.781 GC heap before
{Heap before GC invocations=47 (full 3):
 def new generation   total 9920K, used 9919K [0x00000000e0000000, 0x00000000e0ac0000, 0x00000000eaaa0000)
  eden space 8832K, 100% used [0x00000000e0000000, 0x00000000e08a0000, 0x00000000e08a0000)
  from space 1088K,  99% used [0x00000000e09b0000, 0x00000000e0abfff8, 0x00000000e0ac0000)
  to   space 1088K,   0% used [0x00000000e08a0000, 0x00000000e08a0000, 0x00000000e09b0000)
 tenured generation   total 21924K, used 13786K [0x00000000eaaa0000, 0x00000000ec009000, 0x0000000100000000)
   the space 21924K,  62% used [0x00000000eaaa0000, 0x00000000eb816ab0, 0x00000000eb816c00, 0x00000000ec009000)
 Metaspace       used 4760K, capacity 6815K, committed 7040K, reserved 1056768K
  class space    used 386K, capacity 634K, committed 640K, reserved 1048576K
}
Event: 211.782 GC heap after
{Heap after GC invocations=48 (full 3):
 def new generation   total 9920K, used 824K [0x00000000e0000000, 0x00000000e0ac0000, 0x00000000eaaa0000)
  eden space 8832K,   0% used [0x00000000e0000000, 0x00000000e0000000, 0x00000000e08a0000)
  from space 1088K,  75% used [0x00000000e08a0000, 0x00000000e096e1f8, 0x00000000e09b0000)
  to   space 1088K,   0% used [0x00000000e09b0000, 0x00000000e09b0000, 0x00000000e0ac0000)
 tenured generation   total 21924K, used 13787K [0x00000000eaaa0000, 0x00000000ec009000, 0x0000000100000000)
   the space 21924K,  62% used [0x00000000eaaa0000, 0x00000000eb816c30, 0x00000000eb816e00, 0x00000000ec009000)
 Metaspace       used 4760K, capacity 6815K, committed 7040K, reserved 1056768K
  class space    used 386K, capacity 634K, committed 640K, reserved 1048576K
}
Event: 211.814 GC heap before
{Heap before GC invocations=48 (full 3):
 def new generation   total 9920K, used 9656K [0x00000000e0000000, 0x00000000e0ac0000, 0x00000000eaaa0000)
  eden space 8832K, 100% used [0x00000000e0000000, 0x00000000e08a0000, 0x00000000e08a0000)
  from space 1088K,  75% used [0x00000000e08a0000, 0x00000000e096e1f8, 0x00000000e09b0000)
  to   space 1088K,   0% used [0x00000000e09b0000, 0x00000000e09b0000, 0x00000000e0ac0000)
 tenured generation   total 21924K, used 13787K [0x00000000eaaa0000, 0x00000000ec009000, 0x0000000100000000)
   the space 21924K,  62% used [0x00000000eaaa0000, 0x00000000eb816c30, 0x00000000eb816e00, 0x00000000ec009000)
 Metaspace       used 4760K, capacity 6815K, committed 7040K, reserved 1056768K
  class space    used 386K, capacity 634K, committed 640K, reserved 1048576K
}
Event: 211.815 GC heap after
{Heap after GC invocations=49 (full 3):
 def new generation   total 9920K, used 364K [0x00000000e0000000, 0x00000000e0ac0000, 0x00000000eaaa0000)
  eden space 8832K,   0% used [0x00000000e0000000, 0x00000000e0000000, 0x00000000e08a0000)
  from space 1088K,  33% used [0x00000000e09b0000, 0x00000000e0a0b118, 0x00000000e0ac0000)
  to   space 1088K,   0% used [0x00000000e08a0000, 0x00000000e08a0000, 0x00000000e09b0000)
 tenured generation   total 21924K, used 13872K [0x00000000eaaa0000, 0x00000000ec009000, 0x0000000100000000)
   the space 21924K,  63% used [0x00000000eaaa0000, 0x00000000eb82c1e8, 0x00000000eb82c200, 0x00000000ec009000)
 Metaspace       used 4760K, capacity 6815K, committed 7040K, reserved 1056768K
  class space    used 386K, capacity 634K, committed 640K, reserved 1048576K
}
Event: 211.839 GC heap before
{Heap before GC invocations=49 (full 3):
 def new generation   total 9920K, used 9196K [0x00000000e0000000, 0x00000000e0ac0000, 0x00000000eaaa0000)
  eden space 8832K, 100% used [0x00000000e0000000, 0x00000000e08a0000, 0x00000000e08a0000)
  from space 1088K,  33% used [0x00000000e09b0000, 0x00000000e0a0b118, 0x00000000e0ac0000)
  to   space 1088K,   0% used [0x00000000e08a0000, 0x00000000e08a0000, 0x00000000e09b0000)
 tenured generation   total 21924K, used 13872K [0x00000000eaaa0000, 0x00000000ec009000, 0x0000000100000000)
   the space 21924K,  63% used [0x00000000eaaa0000, 0x00000000eb82c1e8, 0x00000000eb82c200, 0x00000000ec009000)
 Metaspace       used 4760K, capacity 6815K, committed 7040K, reserved 1056768K
  class space    used 386K, capacity 634K, committed 640K, reserved 1048576K
}
Event: 211.841 GC heap after
{Heap after GC invocations=50 (full 3):
 def new generation   total 9920K, used 1088K [0x00000000e0000000, 0x00000000e0ac0000, 0x00000000eaaa0000)
  eden space 8832K,   0% used [0x00000000e0000000, 0x00000000e0000000, 0x00000000e08a0000)
  from space 1088K, 100% used [0x00000000e08a0000, 0x00000000e09b0000, 0x00000000e09b0000)
  to   space 1088K,   0% used [0x00000000e09b0000, 0x00000000e09b0000, 0x00000000e0ac0000)
 tenured generation   total 21924K, used 13944K [0x00000000eaaa0000, 0x00000000ec009000, 0x0000000100000000)
   the space 21924K,  63% used [0x00000000eaaa0000, 0x00000000eb83e028, 0x00000000eb83e200, 0x00000000ec009000)
 Metaspace       used 4760K, capacity 6815K, committed 7040K, reserved 1056768K
  class space    used 386K, capacity 634K, committed 640K, reserved 1048576K
}
Event: 211.867 GC heap before
{Heap before GC invocations=50 (full 3):
 def new generation   total 9920K, used 9920K [0x00000000e0000000, 0x00000000e0ac0000, 0x00000000eaaa0000)
  eden space 8832K, 100% used [0x00000000e0000000, 0x00000000e08a0000, 0x00000000e08a0000)
  from space 1088K, 100% used [0x00000000e08a0000, 0x00000000e09b0000, 0x00000000e09b0000)
  to   space 1088K,   0% used [0x00000000e09b0000, 0x00000000e09b0000, 0x00000000e0ac0000)
 tenured generation   total 21924K, used 13944K [0x00000000eaaa0000, 0x00000000ec009000, 0x0000000100000000)
   the space 21924K,  63% used [0x00000000eaaa0000, 0x00000000eb83e028, 0x00000000eb83e200, 0x00000000ec009000)
 Metaspace       used 4764K, capacity 6815K, committed 7040K, reserved 1056768K
  class space    used 386K, capacity 634K, committed 640K, reserved 1048576K
}
Event: 211.867 GC heap after
{Heap after GC invocations=51 (full 3):
 def new generation   total 9920K, used 197K [0x00000000e0000000, 0x00000000e0ac0000, 0x00000000eaaa0000)
  eden space 8832K,   0% used [0x00000000e0000000, 0x00000000e0000000, 0x00000000e08a0000)
  from space 1088K,  18% used [0x00000000e09b0000, 0x00000000e09e1598, 0x00000000e0ac0000)
  to   space 1088K,   0% used [0x00000000e08a0000, 0x00000000e08a0000, 0x00000000e09b0000)
 tenured generation   total 21924K, used 13957K [0x00000000eaaa0000, 0x00000000ec009000, 0x0000000100000000)
   the space 21924K,  63% used [0x00000000eaaa0000, 0x00000000eb841638, 0x00000000eb841800, 0x00000000ec009000)
 Metaspace       used 4764K, capacity 6815K, committed 7040K, reserved 1056768K
  class space    used 386K, capacity 634K, committed 640K, reserved 1048576K
}
Event: 211.893 GC heap before
{Heap before GC invocations=51 (full 3):
 def new generation   total 9920K, used 9029K [0x00000000e0000000, 0x00000000e0ac0000, 0x00000000eaaa0000)
  eden space 8832K, 100% used [0x00000000e0000000, 0x00000000e08a0000, 0x00000000e08a0000)
  from space 1088K,  18% used [0x00000000e09b0000, 0x00000000e09e1598, 0x00000000e0ac0000)
  to   space 1088K,   0% used [0x00000000e08a0000, 0x00000000e08a0000, 0x00000000e09b0000)
 tenured generation   total 21924K, used 13957K [0x00000000eaaa0000, 0x00000000ec009000, 0x0000000100000000)
   the space 21924K,  63% used [0x00000000eaaa0000, 0x00000000eb841638, 0x00000000eb841800, 0x00000000ec009000)
 Metaspace       used 4764K, capacity 6815K, committed 7040K, reserved 1056768K
  class space    used 386K, capacity 634K, committed 640K, reserved 1048576K
}
Event: 211.894 GC heap after
{Heap after GC invocations=52 (full 3):
 def new generation   total 9920K, used 880K [0x00000000e0000000, 0x00000000e0ac0000, 0x00000000eaaa0000)
  eden space 8832K,   0% used [0x00000000e0000000, 0x00000000e0000000, 0x00000000e08a0000)
  from space 1088K,  80% used [0x00000000e08a0000, 0x00000000e097c250, 0x00000000e09b0000)
  to   space 1088K,   0% used [0x00000000e09b0000, 0x00000000e09b0000, 0x00000000e0ac0000)
 tenured generation   total 21924K, used 13957K [0x00000000eaaa0000, 0x00000000ec009000, 0x0000000100000000)
   the space 21924K,  63% used [0x00000000eaaa0000, 0x00000000eb841638, 0x00000000eb841800, 0x00000000ec009000)
 Metaspace       used 4764K, capacity 6815K, committed 7040K, reserved 1056768K
  class space    used 386K, capacity 634K, committed 640K, reserved 1048576K
}
Event: 211.924 GC heap before
{Heap before GC invocations=52 (full 3):
 def new generation   total 9920K, used 9712K [0x00000000e0000000, 0x00000000e0ac0000, 0x00000000eaaa0000)
  eden space 8832K, 100% used [0x00000000e0000000, 0x00000000e08a0000, 0x00000000e08a0000)
  from space 1088K,  80% used [0x00000000e08a0000, 0x00000000e097c250, 0x00000000e09b0000)
  to   space 1088K,   0% used [0x00000000e09b0000, 0x00000000e09b0000, 0x00000000e0ac0000)
 tenured generation   total 21924K, used 13957K [0x00000000eaaa0000, 0x00000000ec009000, 0x0000000100000000)
   the space 21924K,  63% used [0x00000000eaaa0000, 0x00000000eb841638, 0x00000000eb841800, 0x00000000ec009000)
 Metaspace       used 4764K, capacity 6815K, committed 7040K, reserved 1056768K
  class space    used 386K, capacity 634K, committed 640K, reserved 1048576K
}
Event: 211.926 GC heap after
{Heap after GC invocations=53 (full 3):
 def new generation   total 9920K, used 1088K [0x00000000e0000000, 0x00000000e0ac0000, 0x00000000eaaa0000)
  eden space 8832K,   0% used [0x00000000e0000000, 0x00000000e0000000, 0x00000000e08a0000)
  from space 1088K, 100% used [0x00000000e09b0000, 0x00000000e0ac0000, 0x00000000e0ac0000)
  to   space 1088K,   0% used [0x00000000e08a0000, 0x00000000e08a0000, 0x00000000e09b0000)
 tenured generation   total 21924K, used 14166K [0x00000000eaaa0000, 0x00000000ec009000, 0x0000000100000000)
   the space 21924K,  64% used [0x00000000eaaa0000, 0x00000000eb875990, 0x00000000eb875a00, 0x00000000ec009000)
 Metaspace       used 4764K, capacity 6815K, committed 7040K, reserved 1056768K
  class space    used 386K, capacity 634K, committed 640K, reserved 1048576K
}
Event: 211.952 GC heap before
{Heap before GC invocations=53 (full 3):
 def new generation   total 9920K, used 9920K [0x00000000e0000000, 0x00000000e0ac0000, 0x00000000eaaa0000)
  eden space 8832K, 100% used [0x00000000e0000000, 0x00000000e08a0000, 0x00000000e08a0000)
  from space 1088K, 100% used [0x00000000e09b0000, 0x00000000e0ac0000, 0x00000000e0ac0000)
  to   space 1088K,   0% used [0x00000000e08a0000, 0x00000000e08a0000, 0x00000000e09b0000)
 tenured generation   total 21924K, used 14166K [0x00000000eaaa0000, 0x00000000ec009000, 0x0000000100000000)
   the space 21924K,  64% used [0x00000000eaaa0000, 0x00000000eb875990, 0x00000000eb875a00, 0x00000000ec009000)
 Metaspace       used 4765K, capacity 6815K, committed 7040K, reserved 1056768K
  class space    used 386K, capacity 634K, committed 640K, reserved 1048576K
}
Event: 211.954 GC heap after
{Heap after GC invocations=54 (full 3):
 def new generation   total 9920K, used 1024K [0x00000000e0000000, 0x00000000e0ac0000, 0x00000000eaaa0000)
  eden space 8832K,   0% used [0x00000000e0000000, 0x00000000e0000000, 0x00000000e08a0000)
  from space 1088K,  94% used [0x00000000e08a0000, 0x00000000e09a0048, 0x00000000e09b0000)
  to   space 1088K,   0% used [0x00000000e09b0000, 0x00000000e09b0000, 0x00000000e0ac0000)
 tenured generation   total 21924K, used 14166K [0x00000000eaaa0000, 0x00000000ec009000, 0x0000000100000000)
   the space 21924K,  64% used [0x00000000eaaa0000, 0x00000000eb8759d8, 0x00000000eb875a00, 0x00000000ec009000)
 Metaspace       used 4765K, capacity 6815K, committed 7040K, reserved 1056768K
  class space    used 386K, capacity 634K, committed 640K, reserved 1048576K
}
Event: 211.983 GC heap before
{Heap before GC invocations=54 (full 3):
 def new generation   total 9920K, used 9856K [0x00000000e0000000, 0x00000000e0ac0000, 0x00000000eaaa0000)
  eden space 8832K, 100% used [0x00000000e0000000, 0x00000000e08a0000, 0x00000000e08a0000)
  from space 1088K,  94% used [0x00000000e08a0000, 0x00000000e09a0048, 0x00000000e09b0000)
  to   space 1088K,   0% used [0x00000000e09b0000, 0x00000000e09b0000, 0x00000000e0ac0000)
 tenured generation   total 21924K, used 14166K [0x00000000eaaa0000, 0x00000000ec009000, 0x0000000100000000)
   the space 21924K,  64% used [0x00000000eaaa0000, 0x00000000eb8759d8, 0x00000000eb875a00, 0x00000000ec009000)
 Metaspace       used 4765K, capacity 6815K, committed 7040K, reserved 1056768K
  class space    used 386K, capacity 634K, committed 640K, reserved 1048576K
}
Event: 211.985 GC heap after
{Heap after GC invocations=55 (full 3):
 def new generation   total 9920K, used 1088K [0x00000000e0000000, 0x00000000e0ac0000, 0x00000000eaaa0000)
  eden space 8832K,   0% used [0x00000000e0000000, 0x00000000e0000000, 0x00000000e08a0000)
  from space 1088K, 100% used [0x00000000e09b0000, 0x00000000e0ac0000, 0x00000000e0ac0000)
  to   space 1088K,   0% used [0x00000000e08a0000, 0x00000000e08a0000, 0x00000000e09b0000)
 tenured generation   total 21924K, used 14376K [0x00000000eaaa0000, 0x00000000ec009000, 0x0000000100000000)
   the space 21924K,  65% used [0x00000000eaaa0000, 0x00000000eb8aa3b0, 0x00000000eb8aa400, 0x00000000ec009000)
 Metaspace       used 4765K, capacity 6815K, committed 7040K, reserved 1056768K
  class space    used 386K, capacity 634K, committed 640K, reserved 1048576K
}
Event: 222.748 GC heap before
{Heap before GC invocations=55 (full 3):
 def new generation   total 9920K, used 9920K [0x00000000e0000000, 0x00000000e0ac0000, 0x00000000eaaa0000)
  eden space 8832K, 100% used [0x00000000e0000000, 0x00000000e08a0000, 0x00000000e08a0000)
  from space 1088K, 100% used [0x00000000e09b0000, 0x00000000e0ac0000, 0x00000000e0ac0000)
  to   space 1088K,   0% used [0x00000000e08a0000, 0x00000000e08a0000, 0x00000000e09b0000)
 tenured generation   total 21924K, used 14376K [0x00000000eaaa0000, 0x00000000ec009000, 0x0000000100000000)
   the space 21924K,  65% used [0x00000000eaaa0000, 0x00000000eb8aa3b0, 0x00000000eb8aa400, 0x00000000ec009000)
 Metaspace       used 4793K, capacity 6815K, committed 7040K, reserved 1056768K
  class space    used 386K, capacity 634K, committed 640K, reserved 1048576K
}
Event: 222.754 GC heap after
{Heap after GC invocations=56 (full 3):
 def new generation   total 9920K, used 1088K [0x00000000e0000000, 0x00000000e0ac0000, 0x00000000eaaa0000)
  eden space 8832K,   0% used [0x00000000e0000000, 0x00000000e0000000, 0x00000000e08a0000)
  from space 1088K, 100% used [0x00000000e08a0000, 0x00000000e09b0000, 0x00000000e09b0000)
  to   space 1088K,   0% used [0x00000000e09b0000, 0x00000000e09b0000, 0x00000000e0ac0000)
 tenured generation   total 21924K, used 15933K [0x00000000eaaa0000, 0x00000000ec009000, 0x0000000100000000)
   the space 21924K,  72% used [0x00000000eaaa0000, 0x00000000eba2f718, 0x00000000eba2f800, 0x00000000ec009000)
 Metaspace       used 4793K, capacity 6815K, committed 7040K, reserved 1056768K
  class space    used 386K, capacity 634K, committed 640K, reserved 1048576K
}
Event: 222.790 GC heap before
{Heap before GC invocations=56 (full 3):
 def new generation   total 9920K, used 9920K [0x00000000e0000000, 0x00000000e0ac0000, 0x00000000eaaa0000)
  eden space 8832K, 100% used [0x00000000e0000000, 0x00000000e08a0000, 0x00000000e08a0000)
  from space 1088K, 100% used [0x00000000e08a0000, 0x00000000e09b0000, 0x00000000e09b0000)
  to   space 1088K,   0% used [0x00000000e09b0000, 0x00000000e09b0000, 0x00000000e0ac0000)
 tenured generation   total 21924K, used 15933K [0x00000000eaaa0000, 0x00000000ec009000, 0x0000000100000000)
   the space 21924K,  72% used [0x00000000eaaa0000, 0x00000000eba2f718, 0x00000000eba2f800, 0x00000000ec009000)
 Metaspace       used 4798K, capacity 6815K, committed 7040K, reserved 1056768K
  class space    used 386K, capacity 634K, committed 640K, reserved 1048576K
}
Event: 222.794 GC heap after
{Heap after GC invocations=57 (full 3):
 def new generation   total 9920K, used 1087K [0x00000000e0000000, 0x00000000e0ac0000, 0x00000000eaaa0000)
  eden space 8832K,   0% used [0x00000000e0000000, 0x00000000e0000000, 0x00000000e08a0000)
  from space 1088K,  99% used [0x00000000e09b0000, 0x00000000e0abfff8, 0x00000000e0ac0000)
  to   space 1088K,   0% used [0x00000000e08a0000, 0x00000000e08a0000, 0x00000000e09b0000)
 tenured generation   total 21924K, used 17274K [0x00000000eaaa0000, 0x00000000ec009000, 0x0000000100000000)
   the space 21924K,  78% used [0x00000000eaaa0000, 0x00000000ebb7e9c8, 0x00000000ebb7ea00, 0x00000000ec009000)
 Metaspace       used 4798K, capacity 6815K, committed 7040K, reserved 1056768K
  class space    used 386K, capacity 634K, committed 640K, reserved 1048576K
}

