# JRE version: OpenJDK Runtime Environment (11.0.9.1+1) (build 11.0.9.1+1-Ubuntu-0ubuntu1.18.04)
# Java VM: OpenJDK 64-Bit Server VM (11.0.9.1+1-Ubuntu-0ubuntu1.18.04, mixed mode, sharing, tiered, compressed oops, serial gc, linux-amd64)
Heap:
 def new generation   total 11456K, used 1417K [0x00000000e0000000, 0x00000000e0c60000, 0x00000000eaaa0000)
  eden space 10240K,   1% used [0x00000000e0000000, 0x00000000e0032530, 0x00000000e0a00000)
  from space 1216K, 100% used [0x00000000e0a00000, 0x00000000e0b30000, 0x00000000e0b30000)
  to   space 1216K,   0% used [0x00000000e0b30000, 0x00000000e0b30000, 0x00000000e0c60000)
 tenured generation   total 25224K, used 19551K [0x00000000eaaa0000, 0x00000000ec342000, 0x0000000100000000)
   the space 25224K,  77% used [0x00000000eaaa0000, 0x00000000ebdb7ce8, 0x00000000ebdb7e00, 0x00000000ec342000)
 Metaspace       used 5321K, capacity 7192K, committed 7424K, reserved 1056768K
  class space    used 414K, capacity 651K, committed 768K, reserved 1048576K
GC Heap History (20 events):
Event: 815.866 GC heap before
{Heap before GC invocations=43 (full 1):
 def new generation   total 8704K, used 7977K [0x00000000e0000000, 0x00000000e0970000, 0x00000000eaaa0000)
  eden space 7744K, 100% used [0x00000000e0000000, 0x00000000e0790000, 0x00000000e0790000)
  from space 960K,  24% used [0x00000000e0790000, 0x00000000e07ca7b0, 0x00000000e0880000)
  to   space 960K,   0% used [0x00000000e0880000, 0x00000000e0880000, 0x00000000e0970000)
 tenured generation   total 19200K, used 17125K [0x00000000eaaa0000, 0x00000000ebd60000, 0x0000000100000000)
   the space 19200K,  89% used [0x00000000eaaa0000, 0x00000000ebb59798, 0x00000000ebb59800, 0x00000000ebd60000)
 Metaspace       used 5011K, capacity 6904K, committed 7040K, reserved 1056768K
  class space    used 390K, capacity 619K, committed 640K, reserved 1048576K
}
Event: 815.867 GC heap after
{Heap after GC invocations=44 (full 1):
 def new generation   total 8704K, used 523K [0x00000000e0000000, 0x00000000e0970000, 0x00000000eaaa0000)
  eden space 7744K,   0% used [0x00000000e0000000, 0x00000000e0000000, 0x00000000e0790000)
  from space 960K,  54% used [0x00000000e0880000, 0x00000000e0902d58, 0x00000000e0970000)
  to   space 960K,   0% used [0x00000000e0790000, 0x00000000e0790000, 0x00000000e0880000)
 tenured generation   total 19200K, used 17125K [0x00000000eaaa0000, 0x00000000ebd60000, 0x0000000100000000)
   the space 19200K,  89% used [0x00000000eaaa0000, 0x00000000ebb59798, 0x00000000ebb59800, 0x00000000ebd60000)
 Metaspace       used 5011K, capacity 6904K, committed 7040K, reserved 1056768K
  class space    used 390K, capacity 619K, committed 640K, reserved 1048576K
}
Event: 815.922 GC heap before
{Heap before GC invocations=44 (full 1):
 def new generation   total 8704K, used 8267K [0x00000000e0000000, 0x00000000e0970000, 0x00000000eaaa0000)
  eden space 7744K, 100% used [0x00000000e0000000, 0x00000000e0790000, 0x00000000e0790000)
  from space 960K,  54% used [0x00000000e0880000, 0x00000000e0902d58, 0x00000000e0970000)
  to   space 960K,   0% used [0x00000000e0790000, 0x00000000e0790000, 0x00000000e0880000)
 tenured generation   total 19200K, used 17125K [0x00000000eaaa0000, 0x00000000ebd60000, 0x0000000100000000)
   the space 19200K,  89% used [0x00000000eaaa0000, 0x00000000ebb59798, 0x00000000ebb59800, 0x00000000ebd60000)
 Metaspace       used 5011K, capacity 6904K, committed 7040K, reserved 1056768K
  class space    used 390K, capacity 619K, committed 640K, reserved 1048576K
}
Event: 815.923 GC heap after
{Heap after GC invocations=45 (full 1):
 def new generation   total 8704K, used 517K [0x00000000e0000000, 0x00000000e0970000, 0x00000000eaaa0000)
  eden space 7744K,   0% used [0x00000000e0000000, 0x00000000e0000000, 0x00000000e0790000)
  from space 960K,  53% used [0x00000000e0790000, 0x00000000e08114a0, 0x00000000e0880000)
  to   space 960K,   0% used [0x00000000e0880000, 0x00000000e0880000, 0x00000000e0970000)
 tenured generation   total 19200K, used 17158K [0x00000000eaaa0000, 0x00000000ebd60000, 0x0000000100000000)
   the space 19200K,  89% used [0x00000000eaaa0000, 0x00000000ebb61958, 0x00000000ebb61a00, 0x00000000ebd60000)
 Metaspace       used 5011K, capacity 6904K, committed 7040K, reserved 1056768K
  class space    used 390K, capacity 619K, committed 640K, reserved 1048576K
}
Event: 815.982 GC heap before
{Heap before GC invocations=45 (full 1):
 def new generation   total 8704K, used 8261K [0x00000000e0000000, 0x00000000e0970000, 0x00000000eaaa0000)
  eden space 7744K, 100% used [0x00000000e0000000, 0x00000000e0790000, 0x00000000e0790000)
  from space 960K,  53% used [0x00000000e0790000, 0x00000000e08114a0, 0x00000000e0880000)
  to   space 960K,   0% used [0x00000000e0880000, 0x00000000e0880000, 0x00000000e0970000)
 tenured generation   total 19200K, used 17158K [0x00000000eaaa0000, 0x00000000ebd60000, 0x0000000100000000)
   the space 19200K,  89% used [0x00000000eaaa0000, 0x00000000ebb61958, 0x00000000ebb61a00, 0x00000000ebd60000)
 Metaspace       used 5013K, capacity 6904K, committed 7040K, reserved 1056768K
  class space    used 390K, capacity 619K, committed 640K, reserved 1048576K
}
Event: 815.982 GC heap after
{Heap after GC invocations=46 (full 1):
 def new generation   total 8704K, used 402K [0x00000000e0000000, 0x00000000e0970000, 0x00000000eaaa0000)
  eden space 7744K,   0% used [0x00000000e0000000, 0x00000000e0000000, 0x00000000e0790000)
  from space 960K,  41% used [0x00000000e0880000, 0x00000000e08e4af8, 0x00000000e0970000)
  to   space 960K,   0% used [0x00000000e0790000, 0x00000000e0790000, 0x00000000e0880000)
 tenured generation   total 19200K, used 17193K [0x00000000eaaa0000, 0x00000000ebd60000, 0x0000000100000000)
   the space 19200K,  89% used [0x00000000eaaa0000, 0x00000000ebb6a460, 0x00000000ebb6a600, 0x00000000ebd60000)
 Metaspace       used 5013K, capacity 6904K, committed 7040K, reserved 1056768K
  class space    used 390K, capacity 619K, committed 640K, reserved 1048576K
}
Event: 816.034 GC heap before
{Heap before GC invocations=46 (full 1):
 def new generation   total 8704K, used 8146K [0x00000000e0000000, 0x00000000e0970000, 0x00000000eaaa0000)
  eden space 7744K, 100% used [0x00000000e0000000, 0x00000000e0790000, 0x00000000e0790000)
  from space 960K,  41% used [0x00000000e0880000, 0x00000000e08e4af8, 0x00000000e0970000)
  to   space 960K,   0% used [0x00000000e0790000, 0x00000000e0790000, 0x00000000e0880000)
 tenured generation   total 19200K, used 17193K [0x00000000eaaa0000, 0x00000000ebd60000, 0x0000000100000000)
   the space 19200K,  89% used [0x00000000eaaa0000, 0x00000000ebb6a460, 0x00000000ebb6a600, 0x00000000ebd60000)
 Metaspace       used 5013K, capacity 6904K, committed 7040K, reserved 1056768K
  class space    used 390K, capacity 619K, committed 640K, reserved 1048576K
}
Event: 816.038 GC heap after
{Heap after GC invocations=47 (full 1):
 def new generation   total 8704K, used 959K [0x00000000e0000000, 0x00000000e0970000, 0x00000000eaaa0000)
  eden space 7744K,   0% used [0x00000000e0000000, 0x00000000e0000000, 0x00000000e0790000)
  from space 960K,  99% used [0x00000000e0790000, 0x00000000e087fff8, 0x00000000e0880000)
  to   space 960K,   0% used [0x00000000e0880000, 0x00000000e0880000, 0x00000000e0970000)
 tenured generation   total 19200K, used 18198K [0x00000000eaaa0000, 0x00000000ebd60000, 0x0000000100000000)
   the space 19200K,  94% used [0x00000000eaaa0000, 0x00000000ebc65af0, 0x00000000ebc65c00, 0x00000000ebd60000)
 Metaspace       used 5013K, capacity 6904K, committed 7040K, reserved 1056768K
  class space    used 390K, capacity 619K, committed 640K, reserved 1048576K
}
Event: 816.090 GC heap before
{Heap before GC invocations=47 (full 1):
 def new generation   total 8704K, used 8703K [0x00000000e0000000, 0x00000000e0970000, 0x00000000eaaa0000)
  eden space 7744K, 100% used [0x00000000e0000000, 0x00000000e0790000, 0x00000000e0790000)
  from space 960K,  99% used [0x00000000e0790000, 0x00000000e087fff8, 0x00000000e0880000)
  to   space 960K,   0% used [0x00000000e0880000, 0x00000000e0880000, 0x00000000e0970000)
 tenured generation   total 19200K, used 18198K [0x00000000eaaa0000, 0x00000000ebd60000, 0x0000000100000000)
   the space 19200K,  94% used [0x00000000eaaa0000, 0x00000000ebc65af0, 0x00000000ebc65c00, 0x00000000ebd60000)
 Metaspace       used 5013K, capacity 6904K, committed 7040K, reserved 1056768K
  class space    used 390K, capacity 619K, committed 640K, reserved 1048576K
}
Event: 816.094 GC heap after
{Heap after GC invocations=48 (full 1):
 def new generation   total 8704K, used 959K [0x00000000e0000000, 0x00000000e0970000, 0x00000000eaaa0000)
  eden space 7744K,   0% used [0x00000000e0000000, 0x00000000e0000000, 0x00000000e0790000)
  from space 960K,  99% used [0x00000000e0880000, 0x00000000e096fff8, 0x00000000e0970000)
  to   space 960K,   0% used [0x00000000e0790000, 0x00000000e0790000, 0x00000000e0880000)
 tenured generation   total 19200K, used 18985K [0x00000000eaaa0000, 0x00000000ebd60000, 0x0000000100000000)
   the space 19200K,  98% used [0x00000000eaaa0000, 0x00000000ebd2a540, 0x00000000ebd2a600, 0x00000000ebd60000)
 Metaspace       used 5013K, capacity 6904K, committed 7040K, reserved 1056768K
  class space    used 390K, capacity 619K, committed 640K, reserved 1048576K
}
Event: 816.145 GC heap before
{Heap before GC invocations=48 (full 1):
 def new generation   total 8704K, used 8703K [0x00000000e0000000, 0x00000000e0970000, 0x00000000eaaa0000)
  eden space 7744K, 100% used [0x00000000e0000000, 0x00000000e0790000, 0x00000000e0790000)
  from space 960K,  99% used [0x00000000e0880000, 0x00000000e096fff8, 0x00000000e0970000)
  to   space 960K,   0% used [0x00000000e0790000, 0x00000000e0790000, 0x00000000e0880000)
 tenured generation   total 19200K, used 18985K [0x00000000eaaa0000, 0x00000000ebd60000, 0x0000000100000000)
   the space 19200K,  98% used [0x00000000eaaa0000, 0x00000000ebd2a540, 0x00000000ebd2a600, 0x00000000ebd60000)
 Metaspace       used 5013K, capacity 6904K, committed 7040K, reserved 1056768K
  class space    used 390K, capacity 619K, committed 640K, reserved 1048576K
}
Event: 816.169 GC heap after
{Heap after GC invocations=49 (full 2):
 def new generation   total 11456K, used 0K [0x00000000e0000000, 0x00000000e0c60000, 0x00000000eaaa0000)
  eden space 10240K,   0% used [0x00000000e0000000, 0x00000000e0000000, 0x00000000e0a00000)
  from space 1216K,   0% used [0x00000000e0a00000, 0x00000000e0a00000, 0x00000000e0b30000)
  to   space 1216K,   0% used [0x00000000e0b30000, 0x00000000e0b30000, 0x00000000e0c60000)
 tenured generation   total 25224K, used 15132K [0x00000000eaaa0000, 0x00000000ec342000, 0x0000000100000000)
   the space 25224K,  59% used [0x00000000eaaa0000, 0x00000000eb9671f0, 0x00000000eb967200, 0x00000000ec342000)
 Metaspace       used 5013K, capacity 6904K, committed 7040K, reserved 1056768K
  class space    used 390K, capacity 619K, committed 640K, reserved 1048576K
}
Event: 816.238 GC heap before
{Heap before GC invocations=49 (full 2):
 def new generation   total 11456K, used 10240K [0x00000000e0000000, 0x00000000e0c60000, 0x00000000eaaa0000)
  eden space 10240K, 100% used [0x00000000e0000000, 0x00000000e0a00000, 0x00000000e0a00000)
  from space 1216K,   0% used [0x00000000e0a00000, 0x00000000e0a00000, 0x00000000e0b30000)
  to   space 1216K,   0% used [0x00000000e0b30000, 0x00000000e0b30000, 0x00000000e0c60000)
 tenured generation   total 25224K, used 15132K [0x00000000eaaa0000, 0x00000000ec342000, 0x0000000100000000)
   the space 25224K,  59% used [0x00000000eaaa0000, 0x00000000eb9671f0, 0x00000000eb967200, 0x00000000ec342000)
 Metaspace       used 5014K, capacity 6904K, committed 7040K, reserved 1056768K
  class space    used 390K, capacity 619K, committed 640K, reserved 1048576K
}
Event: 816.242 GC heap after
{Heap after GC invocations=50 (full 2):
 def new generation   total 11456K, used 1216K [0x00000000e0000000, 0x00000000e0c60000, 0x00000000eaaa0000)
  eden space 10240K,   0% used [0x00000000e0000000, 0x00000000e0000000, 0x00000000e0a00000)
  from space 1216K, 100% used [0x00000000e0b30000, 0x00000000e0c60000, 0x00000000e0c60000)
  to   space 1216K,   0% used [0x00000000e0a00000, 0x00000000e0a00000, 0x00000000e0b30000)
 tenured generation   total 25224K, used 15632K [0x00000000eaaa0000, 0x00000000ec342000, 0x0000000100000000)
   the space 25224K,  61% used [0x00000000eaaa0000, 0x00000000eb9e4160, 0x00000000eb9e4200, 0x00000000ec342000)
 Metaspace       used 5014K, capacity 6904K, committed 7040K, reserved 1056768K
  class space    used 390K, capacity 619K, committed 640K, reserved 1048576K
}
Event: 816.310 GC heap before
{Heap before GC invocations=50 (full 2):
 def new generation   total 11456K, used 11456K [0x00000000e0000000, 0x00000000e0c60000, 0x00000000eaaa0000)
  eden space 10240K, 100% used [0x00000000e0000000, 0x00000000e0a00000, 0x00000000e0a00000)
  from space 1216K, 100% used [0x00000000e0b30000, 0x00000000e0c60000, 0x00000000e0c60000)
  to   space 1216K,   0% used [0x00000000e0a00000, 0x00000000e0a00000, 0x00000000e0b30000)
 tenured generation   total 25224K, used 15632K [0x00000000eaaa0000, 0x00000000ec342000, 0x0000000100000000)
   the space 25224K,  61% used [0x00000000eaaa0000, 0x00000000eb9e4160, 0x00000000eb9e4200, 0x00000000ec342000)
 Metaspace       used 5023K, capacity 6904K, committed 7040K, reserved 1056768K
  class space    used 390K, capacity 619K, committed 640K, reserved 1048576K
}
Event: 816.316 GC heap after
{Heap after GC invocations=51 (full 2):
 def new generation   total 11456K, used 1216K [0x00000000e0000000, 0x00000000e0c60000, 0x00000000eaaa0000)
  eden space 10240K,   0% used [0x00000000e0000000, 0x00000000e0000000, 0x00000000e0a00000)
  from space 1216K, 100% used [0x00000000e0a00000, 0x00000000e0b30000, 0x00000000e0b30000)
  to   space 1216K,   0% used [0x00000000e0b30000, 0x00000000e0b30000, 0x00000000e0c60000)
 tenured generation   total 25224K, used 16719K [0x00000000eaaa0000, 0x00000000ec342000, 0x0000000100000000)
   the space 25224K,  66% used [0x00000000eaaa0000, 0x00000000ebaf3f88, 0x00000000ebaf4000, 0x00000000ec342000)
 Metaspace       used 5023K, capacity 6904K, committed 7040K, reserved 1056768K
  class space    used 390K, capacity 619K, committed 640K, reserved 1048576K
}
Event: 816.371 GC heap before
{Heap before GC invocations=51 (full 2):
 def new generation   total 11456K, used 11456K [0x00000000e0000000, 0x00000000e0c60000, 0x00000000eaaa0000)
  eden space 10240K, 100% used [0x00000000e0000000, 0x00000000e0a00000, 0x00000000e0a00000)
  from space 1216K, 100% used [0x00000000e0a00000, 0x00000000e0b30000, 0x00000000e0b30000)
  to   space 1216K,   0% used [0x00000000e0b30000, 0x00000000e0b30000, 0x00000000e0c60000)
 tenured generation   total 25224K, used 16719K [0x00000000eaaa0000, 0x00000000ec342000, 0x0000000100000000)
   the space 25224K,  66% used [0x00000000eaaa0000, 0x00000000ebaf3f88, 0x00000000ebaf4000, 0x00000000ec342000)
 Metaspace       used 5023K, capacity 6904K, committed 7040K, reserved 1056768K
  class space    used 390K, capacity 619K, committed 640K, reserved 1048576K
}
Event: 816.376 GC heap after
{Heap after GC invocations=52 (full 2):
 def new generation   total 11456K, used 1215K [0x00000000e0000000, 0x00000000e0c60000, 0x00000000eaaa0000)
  eden space 10240K,   0% used [0x00000000e0000000, 0x00000000e0000000, 0x00000000e0a00000)
  from space 1216K,  99% used [0x00000000e0b30000, 0x00000000e0c5fff8, 0x00000000e0c60000)
  to   space 1216K,   0% used [0x00000000e0a00000, 0x00000000e0a00000, 0x00000000e0b30000)
 tenured generation   total 25224K, used 17848K [0x00000000eaaa0000, 0x00000000ec342000, 0x0000000100000000)
   the space 25224K,  70% used [0x00000000eaaa0000, 0x00000000ebc0e270, 0x00000000ebc0e400, 0x00000000ec342000)
 Metaspace       used 5023K, capacity 6904K, committed 7040K, reserved 1056768K
  class space    used 390K, capacity 619K, committed 640K, reserved 1048576K
}
Event: 1032103.812 GC heap before
{Heap before GC invocations=52 (full 2):
 def new generation   total 11456K, used 11455K [0x00000000e0000000, 0x00000000e0c60000, 0x00000000eaaa0000)
  eden space 10240K, 100% used [0x00000000e0000000, 0x00000000e0a00000, 0x00000000e0a00000)
  from space 1216K,  99% used [0x00000000e0b30000, 0x00000000e0c5fff8, 0x00000000e0c60000)
  to   space 1216K,   0% used [0x00000000e0a00000, 0x00000000e0a00000, 0x00000000e0b30000)
 tenured generation   total 25224K, used 17848K [0x00000000eaaa0000, 0x00000000ec342000, 0x0000000100000000)
   the space 25224K,  70% used [0x00000000eaaa0000, 0x00000000ebc0e270, 0x00000000ebc0e400, 0x00000000ec342000)
 Metaspace       used 5321K, capacity 7192K, committed 7424K, reserved 1056768K
  class space    used 414K, capacity 651K, committed 768K, reserved 1048576K
}
Event: 1032104.083 GC heap after
{Heap after GC invocations=53 (full 2):
 def new generation   total 11456K, used 1216K [0x00000000e0000000, 0x00000000e0c60000, 0x00000000eaaa0000)
  eden space 10240K,   0% used [0x00000000e0000000, 0x00000000e0000000, 0x00000000e0a00000)
  from space 1216K, 100% used [0x00000000e0a00000, 0x00000000e0b30000, 0x00000000e0b30000)
  to   space 1216K,   0% used [0x00000000e0b30000, 0x00000000e0b30000, 0x00000000e0c60000)
 tenured generation   total 25224K, used 19551K [0x00000000eaaa0000, 0x00000000ec342000, 0x0000000100000000)
   the space 25224K,  77% used [0x00000000eaaa0000, 0x00000000ebdb7ce8, 0x00000000ebdb7e00, 0x00000000ec342000)
 Metaspace       used 5321K, capacity 7192K, committed 7424K, reserved 1056768K
  class space    used 414K, capacity 651K, committed 768K, reserved 1048576K
}

